Determining if the pthread_create exist failed with the following output:
Change Dir: /home/borg/catkin_ws/build/CMakeFiles/CMakeTmp

Run Build Command:/usr/bin/make "cmTryCompileExec1638763294/fast"
/usr/bin/make -f CMakeFiles/cmTryCompileExec1638763294.dir/build.make CMakeFiles/cmTryCompileExec1638763294.dir/build
make[1]: Entrando no diretório `/home/borg/catkin_ws/build/CMakeFiles/CMakeTmp'
/usr/bin/cmake -E cmake_progress_report /home/borg/catkin_ws/build/CMakeFiles/CMakeTmp/CMakeFiles 1
Building C object CMakeFiles/cmTryCompileExec1638763294.dir/CheckSymbolExists.c.o
/usr/bin/cc    -o CMakeFiles/cmTryCompileExec1638763294.dir/CheckSymbolExists.c.o   -c /home/borg/catkin_ws/build/CMakeFiles/CMakeTmp/CheckSymbolExists.c
Linking C executable cmTryCompileExec1638763294
/usr/bin/cmake -E cmake_link_script CMakeFiles/cmTryCompileExec1638763294.dir/link.txt --verbose=1
/usr/bin/cc       CMakeFiles/cmTryCompileExec1638763294.dir/CheckSymbolExists.c.o  -o cmTryCompileExec1638763294 -rdynamic 
CMakeFiles/cmTryCompileExec1638763294.dir/CheckSymbolExists.c.o: na função `main':
CheckSymbolExists.c:(.text+0x16): referência indefinida para `pthread_create'
collect2: error: ld returned 1 exit status
make[1]: Saindo do diretório `/home/borg/catkin_ws/build/CMakeFiles/CMakeTmp'
make[1]: ** [cmTryCompileExec1638763294] Erro 1
make: ** [cmTryCompileExec1638763294/fast] Erro 2

File /home/borg/catkin_ws/build/CMakeFiles/CMakeTmp/CheckSymbolExists.c:
/* */
#include <pthread.h>

int main(int argc, char** argv)
{
  (void)argv;
#ifndef pthread_create
  return ((int*)(&pthread_create))[argc];
#else
  (void)argc;
  return 0;
#endif
}

Determining if the function pthread_create exists in the pthreads failed with the following output:
Change Dir: /home/borg/catkin_ws/build/CMakeFiles/CMakeTmp

Run Build Command:/usr/bin/make "cmTryCompileExec1002466129/fast"
/usr/bin/make -f CMakeFiles/cmTryCompileExec1002466129.dir/build.make CMakeFiles/cmTryCompileExec1002466129.dir/build
make[1]: Entrando no diretório `/home/borg/catkin_ws/build/CMakeFiles/CMakeTmp'
/usr/bin/cmake -E cmake_progress_report /home/borg/catkin_ws/build/CMakeFiles/CMakeTmp/CMakeFiles 1
Building C object CMakeFiles/cmTryCompileExec1002466129.dir/CheckFunctionExists.c.o
/usr/bin/cc   -DCHECK_FUNCTION_EXISTS=pthread_create   -o CMakeFiles/cmTryCompileExec1002466129.dir/CheckFunctionExists.c.o   -c /usr/share/cmake-2.8/Modules/CheckFunctionExists.c
Linking C executable cmTryCompileExec1002466129
/usr/bin/cmake -E cmake_link_script CMakeFiles/cmTryCompileExec1002466129.dir/link.txt --verbose=1
/usr/bin/cc   -DCHECK_FUNCTION_EXISTS=pthread_create    CMakeFiles/cmTryCompileExec1002466129.dir/CheckFunctionExists.c.o  -o cmTryCompileExec1002466129 -rdynamic -lpthreads 
/usr/bin/ld: não foi possível encontrar -lpthreads
collect2: error: ld returned 1 exit status
make[1]: Saindo do diretório `/home/borg/catkin_ws/build/CMakeFiles/CMakeTmp'
make[1]: ** [cmTryCompileExec1002466129] Erro 1
make: ** [cmTryCompileExec1002466129/fast] Erro 2


